Using pre-set license
Built from '2021.1/staging' branch; Version is '2021.1.7f1 (d91830b65d9b) revision 14227504'; Using compiler version '192528614'; Build Type 'Release'
OS: 'Windows 10 Home; OS build 19043.1586; Version 2009; 64bit' Language: 'en' Physical Memory: 16346 MB
BatchMode: 1, IsHumanControllingUs: 0, StartBugReporterOnCrash: 0, Is64bit: 1, IsPro: 0

 COMMAND LINE ARGUMENTS:
D:\Unity\Unity Editors\2021.1.7f1\Editor\Unity.exe
-adb2
-batchMode
-noUpm
-name
AssetImportWorker0
-projectPath
D:/Github/senior-project-spring-2022-greybound-2d-pixel-game/Greybound
-logFile
Logs/AssetImportWorker0.log
-srvPort
61417
Successfully changed project path to: D:/Github/senior-project-spring-2022-greybound-2d-pixel-game/Greybound
D:/Github/senior-project-spring-2022-greybound-2d-pixel-game/Greybound
Using Asset Import Pipeline V2.
Refreshing native plugins compatible for Editor in 113.62 ms, found 2 plugins.
Preloading 0 native plugins for Editor in 0.00 ms.
Initialize engine version: 2021.1.7f1 (d91830b65d9b)
[Subsystems] Discovering subsystems at path D:/Unity/Unity Editors/2021.1.7f1/Editor/Data/Resources/UnitySubsystems
[Subsystems] Discovering subsystems at path D:/Github/senior-project-spring-2022-greybound-2d-pixel-game/Greybound/Assets
GfxDevice: creating device client; threaded=0; jobified=0
Direct3D:
    Version:  Direct3D 11.0 [level 11.1]
    Renderer: NVIDIA GeForce RTX 2070 SUPER (ID=0x1e84)
    Vendor:   NVIDIA
    VRAM:     8011 MB
    Driver:   30.0.15.1215
Initialize mono
Mono path[0] = 'D:/Unity/Unity Editors/2021.1.7f1/Editor/Data/Managed'
Mono path[1] = 'D:/Unity/Unity Editors/2021.1.7f1/Editor/Data/MonoBleedingEdge/lib/mono/unityjit'
Mono config path = 'D:/Unity/Unity Editors/2021.1.7f1/Editor/Data/MonoBleedingEdge/etc'
Using monoOptions --debugger-agent=transport=dt_socket,embedding=1,server=y,suspend=n,address=127.0.0.1:56700
Begin MonoManager ReloadAssembly
Registering precompiled unity dll's ...
Register platform support module: D:/Unity/Unity Editors/2021.1.7f1/Editor/Data/PlaybackEngines/WindowsStandaloneSupport/UnityEditor.WindowsStandalone.Extensions.dll
Registered in 0.001390 seconds.
Native extension for WindowsStandalone target not found
Refreshing native plugins compatible for Editor in 115.71 ms, found 2 plugins.
Preloading 0 native plugins for Editor in 0.00 ms.
Mono: successfully reloaded assembly
- Completed reload, in  1.450 seconds
Platform modules already initialized, skipping
Registering precompiled user dll's ...
Registered in 0.003875 seconds.
Begin MonoManager ReloadAssembly
Symbol file LoadedFromMemory doesn't match image D:\Github\senior-project-spring-2022-greybound-2d-pixel-game\Greybound\Library\PackageCache\com.unity.visualscripting@1.6.1\Editor\VisualScripting.Core\Dependencies\YamlDotNet\Unity.VisualScripting.YamlDotNet.dll
Symbol file LoadedFromMemory doesn't match image D:\Github\senior-project-spring-2022-greybound-2d-pixel-game\Greybound\Library\PackageCache\com.unity.visualscripting@1.6.1\Editor\VisualScripting.Core\Dependencies\DotNetZip\Unity.VisualScripting.IonicZip.dll
Native extension for WindowsStandalone target not found
Refreshing native plugins compatible for Editor in 122.79 ms, found 2 plugins.
Preloading 0 native plugins for Editor in 0.00 ms.
Mono: successfully reloaded assembly
- Completed reload, in  1.329 seconds
Platform modules already initialized, skipping
========================================================================
Worker process is ready to serve import requests
Launched and connected shader compiler UnityShaderCompiler.exe after 0.12 seconds
Refreshing native plugins compatible for Editor in 0.66 ms, found 2 plugins.
Preloading 0 native plugins for Editor in 0.00 ms.
Unloading 3719 Unused Serialized files (Serialized files now loaded: 0)
System memory in use before: 142.0 MB.
System memory in use after: 142.1 MB.

Unloading 30 unused Assets to reduce memory usage. Loaded Objects now: 4173.
Total: 2.878600 ms (FindLiveObjects: 0.325800 ms CreateObjectMapping: 0.196600 ms MarkObjects: 2.212800 ms  DeleteObjects: 0.142400 ms)

========================================================================
Received Import Request.
  path: Assets/Scripts/SettingsMenu.cs
  artifactKey: Guid(22f3dd27a418de240a0ecaff24a7af95) Importer(815301076,1909f56bfc062723c751e8b465ee728b)
Start importing Assets/Scripts/SettingsMenu.cs using Guid(22f3dd27a418de240a0ecaff24a7af95) Importer(815301076,1909f56bfc062723c751e8b465ee728b)  -> (artifact id: '53e499c0bcd02d1d4194aca30f8ea74d') in 0.034594 seconds 
========================================================================
Received Import Request.
  Time since last request: 48.959516 seconds.
  path: Assets/Scripts/SettingsMenu.cs
  artifactKey: Guid(22f3dd27a418de240a0ecaff24a7af95) Importer(815301076,1909f56bfc062723c751e8b465ee728b)
Start importing Assets/Scripts/SettingsMenu.cs using Guid(22f3dd27a418de240a0ecaff24a7af95) Importer(815301076,1909f56bfc062723c751e8b465ee728b)  -> (artifact id: '152b2341adef124519691653a1f68b28') in 0.004222 seconds 
========================================================================
Received Prepare
Registering precompiled user dll's ...
Registered in 0.004089 seconds.
Begin MonoManager ReloadAssembly
Symbol file LoadedFromMemory doesn't match image D:\Github\senior-project-spring-2022-greybound-2d-pixel-game\Greybound\Library\PackageCache\com.unity.visualscripting@1.6.1\Editor\VisualScripting.Core\Dependencies\YamlDotNet\Unity.VisualScripting.YamlDotNet.dll
Symbol file LoadedFromMemory doesn't match image D:\Github\senior-project-spring-2022-greybound-2d-pixel-game\Greybound\Library\PackageCache\com.unity.visualscripting@1.6.1\Editor\VisualScripting.Core\Dependencies\DotNetZip\Unity.VisualScripting.IonicZip.dll
Native extension for WindowsStandalone target not found
Refreshing native plugins compatible for Editor in 0.72 ms, found 2 plugins.
Preloading 0 native plugins for Editor in 0.00 ms.
Mono: successfully reloaded assembly
- Completed reload, in  0.976 seconds
Platform modules already initialized, skipping
Refreshing native plugins compatible for Editor in 0.64 ms, found 2 plugins.
Preloading 0 native plugins for Editor in 0.00 ms.
Unloading 3695 Unused Serialized files (Serialized files now loaded: 0)
System memory in use before: 140.2 MB.
System memory in use after: 140.3 MB.

Unloading 18 unused Assets to reduce memory usage. Loaded Objects now: 4177.
Total: 2.547400 ms (FindLiveObjects: 0.276300 ms CreateObjectMapping: 0.142100 ms MarkObjects: 2.035500 ms  DeleteObjects: 0.092900 ms)

========================================================================
Received Prepare
Registering precompiled user dll's ...
Registered in 0.004088 seconds.
Begin MonoManager ReloadAssembly
Symbol file LoadedFromMemory doesn't match image D:\Github\senior-project-spring-2022-greybound-2d-pixel-game\Greybound\Library\PackageCache\com.unity.visualscripting@1.6.1\Editor\VisualScripting.Core\Dependencies\YamlDotNet\Unity.VisualScripting.YamlDotNet.dll
Symbol file LoadedFromMemory doesn't match image D:\Github\senior-project-spring-2022-greybound-2d-pixel-game\Greybound\Library\PackageCache\com.unity.visualscripting@1.6.1\Editor\VisualScripting.Core\Dependencies\DotNetZip\Unity.VisualScripting.IonicZip.dll
Native extension for WindowsStandalone target not found
Refreshing native plugins compatible for Editor in 0.72 ms, found 2 plugins.
Preloading 0 native plugins for Editor in 0.00 ms.
Mono: successfully reloaded assembly
- Completed reload, in  0.993 seconds
Platform modules already initialized, skipping
Refreshing native plugins compatible for Editor in 0.76 ms, found 2 plugins.
Preloading 0 native plugins for Editor in 0.00 ms.
Unloading 3695 Unused Serialized files (Serialized files now loaded: 0)
System memory in use before: 140.2 MB.
System memory in use after: 140.3 MB.

Unloading 18 unused Assets to reduce memory usage. Loaded Objects now: 4181.
Total: 2.881100 ms (FindLiveObjects: 0.362000 ms CreateObjectMapping: 0.379700 ms MarkObjects: 2.029300 ms  DeleteObjects: 0.108900 ms)

========================================================================
Received Import Request.
  Time since last request: 242.547263 seconds.
  path: Assets/NewAudioMixer.mixer
  artifactKey: Guid(2c051b54b2e18864caeb7ce50a66694c) Importer(815301076,1909f56bfc062723c751e8b465ee728b)
Start importing Assets/NewAudioMixer.mixer using Guid(2c051b54b2e18864caeb7ce50a66694c) Importer(815301076,1909f56bfc062723c751e8b465ee728b)  -> (artifact id: 'cdcc55ba453d44f765a67ecdf3bf3a09') in 0.027225 seconds 
========================================================================
Received Import Request.
  Time since last request: 12.415438 seconds.
  path: Assets/MainMixer.mixer
  artifactKey: Guid(2c051b54b2e18864caeb7ce50a66694c) Importer(815301076,1909f56bfc062723c751e8b465ee728b)
Start importing Assets/MainMixer.mixer using Guid(2c051b54b2e18864caeb7ce50a66694c) Importer(815301076,1909f56bfc062723c751e8b465ee728b)  -> (artifact id: '593462f3f4980a910d48df76e43e59ab') in 0.007554 seconds 
========================================================================
Received Prepare
Registering precompiled user dll's ...
Registered in 0.005225 seconds.
Begin MonoManager ReloadAssembly
Symbol file LoadedFromMemory doesn't match image D:\Github\senior-project-spring-2022-greybound-2d-pixel-game\Greybound\Library\PackageCache\com.unity.visualscripting@1.6.1\Editor\VisualScripting.Core\Dependencies\YamlDotNet\Unity.VisualScripting.YamlDotNet.dll
Symbol file LoadedFromMemory doesn't match image D:\Github\senior-project-spring-2022-greybound-2d-pixel-game\Greybound\Library\PackageCache\com.unity.visualscripting@1.6.1\Editor\VisualScripting.Core\Dependencies\DotNetZip\Unity.VisualScripting.IonicZip.dll
Native extension for WindowsStandalone target not found
Refreshing native plugins compatible for Editor in 0.77 ms, found 2 plugins.
Preloading 0 native plugins for Editor in 0.00 ms.
Mono: successfully reloaded assembly
- Completed reload, in  1.318 seconds
Platform modules already initialized, skipping
Refreshing native plugins compatible for Editor in 34.09 ms, found 2 plugins.
Preloading 0 native plugins for Editor in 0.00 ms.
Unloading 3695 Unused Serialized files (Serialized files now loaded: 0)
System memory in use before: 140.3 MB.
System memory in use after: 140.4 MB.

Unloading 18 unused Assets to reduce memory usage. Loaded Objects now: 4185.
Total: 2.617100 ms (FindLiveObjects: 0.279300 ms CreateObjectMapping: 0.190100 ms MarkObjects: 2.029200 ms  DeleteObjects: 0.117400 ms)

========================================================================
Received Prepare
Registering precompiled user dll's ...
Registered in 0.004176 seconds.
Begin MonoManager ReloadAssembly
Symbol file LoadedFromMemory doesn't match image D:\Github\senior-project-spring-2022-greybound-2d-pixel-game\Greybound\Library\PackageCache\com.unity.visualscripting@1.6.1\Editor\VisualScripting.Core\Dependencies\YamlDotNet\Unity.VisualScripting.YamlDotNet.dll
Symbol file LoadedFromMemory doesn't match image D:\Github\senior-project-spring-2022-greybound-2d-pixel-game\Greybound\Library\PackageCache\com.unity.visualscripting@1.6.1\Editor\VisualScripting.Core\Dependencies\DotNetZip\Unity.VisualScripting.IonicZip.dll
Native extension for WindowsStandalone target not found
Refreshing native plugins compatible for Editor in 0.72 ms, found 2 plugins.
Preloading 0 native plugins for Editor in 0.00 ms.
Mono: successfully reloaded assembly
- Completed reload, in  1.250 seconds
Platform modules already initialized, skipping
Refreshing native plugins compatible for Editor in 0.97 ms, found 2 plugins.
Preloading 0 native plugins for Editor in 0.00 ms.
Unloading 3695 Unused Serialized files (Serialized files now loaded: 0)
System memory in use before: 140.3 MB.
System memory in use after: 140.4 MB.

Unloading 18 unused Assets to reduce memory usage. Loaded Objects now: 4189.
Total: 2.767400 ms (FindLiveObjects: 0.331100 ms CreateObjectMapping: 0.237300 ms MarkObjects: 2.081500 ms  DeleteObjects: 0.115600 ms)

========================================================================
Received Prepare
Registering precompiled user dll's ...
Registered in 0.003671 seconds.
Begin MonoManager ReloadAssembly
Symbol file LoadedFromMemory doesn't match image D:\Github\senior-project-spring-2022-greybound-2d-pixel-game\Greybound\Library\PackageCache\com.unity.visualscripting@1.6.1\Editor\VisualScripting.Core\Dependencies\YamlDotNet\Unity.VisualScripting.YamlDotNet.dll
Symbol file LoadedFromMemory doesn't match image D:\Github\senior-project-spring-2022-greybound-2d-pixel-game\Greybound\Library\PackageCache\com.unity.visualscripting@1.6.1\Editor\VisualScripting.Core\Dependencies\DotNetZip\Unity.VisualScripting.IonicZip.dll
Native extension for WindowsStandalone target not found
Refreshing native plugins compatible for Editor in 1.06 ms, found 2 plugins.
Preloading 0 native plugins for Editor in 0.00 ms.
Mono: successfully reloaded assembly
- Completed reload, in  1.094 seconds
Platform modules already initialized, skipping
Refreshing native plugins compatible for Editor in 0.74 ms, found 2 plugins.
Preloading 0 native plugins for Editor in 0.00 ms.
Unloading 3695 Unused Serialized files (Serialized files now loaded: 0)
System memory in use before: 140.3 MB.
System memory in use after: 140.4 MB.

Unloading 18 unused Assets to reduce memory usage. Loaded Objects now: 4193.
Total: 2.945400 ms (FindLiveObjects: 0.370200 ms CreateObjectMapping: 0.232800 ms MarkObjects: 2.235100 ms  DeleteObjects: 0.106100 ms)

========================================================================
Received Prepare
Registering precompiled user dll's ...
Registered in 0.003920 seconds.
Begin MonoManager ReloadAssembly
Symbol file LoadedFromMemory doesn't match image D:\Github\senior-project-spring-2022-greybound-2d-pixel-game\Greybound\Library\PackageCache\com.unity.visualscripting@1.6.1\Editor\VisualScripting.Core\Dependencies\YamlDotNet\Unity.VisualScripting.YamlDotNet.dll
Symbol file LoadedFromMemory doesn't match image D:\Github\senior-project-spring-2022-greybound-2d-pixel-game\Greybound\Library\PackageCache\com.unity.visualscripting@1.6.1\Editor\VisualScripting.Core\Dependencies\DotNetZip\Unity.VisualScripting.IonicZip.dll
Native extension for WindowsStandalone target not found
Refreshing native plugins compatible for Editor in 0.66 ms, found 2 plugins.
Preloading 0 native plugins for Editor in 0.00 ms.
Mono: successfully reloaded assembly
- Completed reload, in  0.956 seconds
Platform modules already initialized, skipping
Refreshing native plugins compatible for Editor in 0.66 ms, found 2 plugins.
Preloading 0 native plugins for Editor in 0.00 ms.
Unloading 3695 Unused Serialized files (Serialized files now loaded: 0)
System memory in use before: 140.3 MB.
System memory in use after: 140.4 MB.

Unloading 18 unused Assets to reduce memory usage. Loaded Objects now: 4197.
Total: 2.420100 ms (FindLiveObjects: 0.265100 ms CreateObjectMapping: 0.135700 ms MarkObjects: 1.923300 ms  DeleteObjects: 0.095100 ms)

========================================================================
Received Prepare
Registering precompiled user dll's ...
Registered in 0.003643 seconds.
Begin MonoManager ReloadAssembly
Symbol file LoadedFromMemory doesn't match image D:\Github\senior-project-spring-2022-greybound-2d-pixel-game\Greybound\Library\PackageCache\com.unity.visualscripting@1.6.1\Editor\VisualScripting.Core\Dependencies\YamlDotNet\Unity.VisualScripting.YamlDotNet.dll
Symbol file LoadedFromMemory doesn't match image D:\Github\senior-project-spring-2022-greybound-2d-pixel-game\Greybound\Library\PackageCache\com.unity.visualscripting@1.6.1\Editor\VisualScripting.Core\Dependencies\DotNetZip\Unity.VisualScripting.IonicZip.dll
Native extension for WindowsStandalone target not found
Refreshing native plugins compatible for Editor in 0.68 ms, found 2 plugins.
Preloading 0 native plugins for Editor in 0.00 ms.
Mono: successfully reloaded assembly
- Completed reload, in  0.931 seconds
Platform modules already initialized, skipping
Refreshing native plugins compatible for Editor in 0.73 ms, found 2 plugins.
Preloading 0 native plugins for Editor in 0.00 ms.
Unloading 3695 Unused Serialized files (Serialized files now loaded: 0)
System memory in use before: 140.3 MB.
System memory in use after: 140.4 MB.

Unloading 18 unused Assets to reduce memory usage. Loaded Objects now: 4201.
Total: 2.420300 ms (FindLiveObjects: 0.261400 ms CreateObjectMapping: 0.163200 ms MarkObjects: 1.894900 ms  DeleteObjects: 0.099800 ms)

========================================================================
Received Prepare
Registering precompiled user dll's ...
Registered in 0.004255 seconds.
Begin MonoManager ReloadAssembly
Symbol file LoadedFromMemory doesn't match image D:\Github\senior-project-spring-2022-greybound-2d-pixel-game\Greybound\Library\PackageCache\com.unity.visualscripting@1.6.1\Editor\VisualScripting.Core\Dependencies\YamlDotNet\Unity.VisualScripting.YamlDotNet.dll
Symbol file LoadedFromMemory doesn't match image D:\Github\senior-project-spring-2022-greybound-2d-pixel-game\Greybound\Library\PackageCache\com.unity.visualscripting@1.6.1\Editor\VisualScripting.Core\Dependencies\DotNetZip\Unity.VisualScripting.IonicZip.dll
Native extension for WindowsStandalone target not found
Refreshing native plugins compatible for Editor in 0.69 ms, found 2 plugins.
Preloading 0 native plugins for Editor in 0.00 ms.
Mono: successfully reloaded assembly
- Completed reload, in  0.951 seconds
Platform modules already initialized, skipping
Refreshing native plugins compatible for Editor in 0.67 ms, found 2 plugins.
Preloading 0 native plugins for Editor in 0.00 ms.
Unloading 3695 Unused Serialized files (Serialized files now loaded: 0)
System memory in use before: 140.3 MB.
System memory in use after: 140.4 MB.

Unloading 18 unused Assets to reduce memory usage. Loaded Objects now: 4205.
Total: 2.443300 ms (FindLiveObjects: 0.281400 ms CreateObjectMapping: 0.159300 ms MarkObjects: 1.903200 ms  DeleteObjects: 0.098400 ms)

========================================================================
Received Prepare
Registering precompiled user dll's ...
Registered in 0.003890 seconds.
Begin MonoManager ReloadAssembly
Symbol file LoadedFromMemory doesn't match image D:\Github\senior-project-spring-2022-greybound-2d-pixel-game\Greybound\Library\PackageCache\com.unity.visualscripting@1.6.1\Editor\VisualScripting.Core\Dependencies\YamlDotNet\Unity.VisualScripting.YamlDotNet.dll
Symbol file LoadedFromMemory doesn't match image D:\Github\senior-project-spring-2022-greybound-2d-pixel-game\Greybound\Library\PackageCache\com.unity.visualscripting@1.6.1\Editor\VisualScripting.Core\Dependencies\DotNetZip\Unity.VisualScripting.IonicZip.dll
Native extension for WindowsStandalone target not found
Refreshing native plugins compatible for Editor in 0.68 ms, found 2 plugins.
Preloading 0 native plugins for Editor in 0.00 ms.
Mono: successfully reloaded assembly
- Completed reload, in  0.980 seconds
Platform modules already initialized, skipping
Refreshing native plugins compatible for Editor in 0.67 ms, found 2 plugins.
Preloading 0 native plugins for Editor in 0.00 ms.
Unloading 3695 Unused Serialized files (Serialized files now loaded: 0)
System memory in use before: 140.4 MB.
System memory in use after: 140.5 MB.

Unloading 18 unused Assets to reduce memory usage. Loaded Objects now: 4209.
Total: 2.671100 ms (FindLiveObjects: 0.271100 ms CreateObjectMapping: 0.155300 ms MarkObjects: 2.116900 ms  DeleteObjects: 0.126900 ms)

========================================================================
Received Prepare
Registering precompiled user dll's ...
Registered in 0.003746 seconds.
Begin MonoManager ReloadAssembly
Symbol file LoadedFromMemory doesn't match image D:\Github\senior-project-spring-2022-greybound-2d-pixel-game\Greybound\Library\PackageCache\com.unity.visualscripting@1.6.1\Editor\VisualScripting.Core\Dependencies\YamlDotNet\Unity.VisualScripting.YamlDotNet.dll
Symbol file LoadedFromMemory doesn't match image D:\Github\senior-project-spring-2022-greybound-2d-pixel-game\Greybound\Library\PackageCache\com.unity.visualscripting@1.6.1\Editor\VisualScripting.Core\Dependencies\DotNetZip\Unity.VisualScripting.IonicZip.dll
Native extension for WindowsStandalone target not found
Refreshing native plugins compatible for Editor in 0.69 ms, found 2 plugins.
Preloading 0 native plugins for Editor in 0.00 ms.
Mono: successfully reloaded assembly
- Completed reload, in  1.003 seconds
Platform modules already initialized, skipping
Refreshing native plugins compatible for Editor in 1.07 ms, found 2 plugins.
Preloading 0 native plugins for Editor in 0.00 ms.
Unloading 3695 Unused Serialized files (Serialized files now loaded: 0)
System memory in use before: 140.3 MB.
System memory in use after: 140.4 MB.

Unloading 18 unused Assets to reduce memory usage. Loaded Objects now: 4213.
Total: 2.457700 ms (FindLiveObjects: 0.253600 ms CreateObjectMapping: 0.164900 ms MarkObjects: 1.943200 ms  DeleteObjects: 0.095200 ms)

========================================================================
Received Prepare
Registering precompiled user dll's ...
Registered in 0.004240 seconds.
Begin MonoManager ReloadAssembly
Symbol file LoadedFromMemory doesn't match image D:\Github\senior-project-spring-2022-greybound-2d-pixel-game\Greybound\Library\PackageCache\com.unity.visualscripting@1.6.1\Editor\VisualScripting.Core\Dependencies\YamlDotNet\Unity.VisualScripting.YamlDotNet.dll
Symbol file LoadedFromMemory doesn't match image D:\Github\senior-project-spring-2022-greybound-2d-pixel-game\Greybound\Library\PackageCache\com.unity.visualscripting@1.6.1\Editor\VisualScripting.Core\Dependencies\DotNetZip\Unity.VisualScripting.IonicZip.dll
Native extension for WindowsStandalone target not found
Refreshing native plugins compatible for Editor in 0.66 ms, found 2 plugins.
Preloading 0 native plugins for Editor in 0.00 ms.
Mono: successfully reloaded assembly
- Completed reload, in  0.986 seconds
Platform modules already initialized, skipping
Refreshing native plugins compatible for Editor in 0.69 ms, found 2 plugins.
Preloading 0 native plugins for Editor in 0.00 ms.
Unloading 3695 Unused Serialized files (Serialized files now loaded: 0)
System memory in use before: 140.3 MB.
System memory in use after: 140.4 MB.

Unloading 18 unused Assets to reduce memory usage. Loaded Objects now: 4217.
Total: 2.797900 ms (FindLiveObjects: 0.271200 ms CreateObjectMapping: 0.161600 ms MarkObjects: 2.266500 ms  DeleteObjects: 0.097700 ms)

========================================================================
Received Prepare
Registering precompiled user dll's ...
Registered in 0.003860 seconds.
Begin MonoManager ReloadAssembly
Symbol file LoadedFromMemory doesn't match image D:\Github\senior-project-spring-2022-greybound-2d-pixel-game\Greybound\Library\PackageCache\com.unity.visualscripting@1.6.1\Editor\VisualScripting.Core\Dependencies\YamlDotNet\Unity.VisualScripting.YamlDotNet.dll
Symbol file LoadedFromMemory doesn't match image D:\Github\senior-project-spring-2022-greybound-2d-pixel-game\Greybound\Library\PackageCache\com.unity.visualscripting@1.6.1\Editor\VisualScripting.Core\Dependencies\DotNetZip\Unity.VisualScripting.IonicZip.dll
Native extension for WindowsStandalone target not found
Refreshing native plugins compatible for Editor in 0.87 ms, found 2 plugins.
Preloading 0 native plugins for Editor in 0.00 ms.
Mono: successfully reloaded assembly
- Completed reload, in  0.927 seconds
Platform modules already initialized, skipping
Refreshing native plugins compatible for Editor in 0.68 ms, found 2 plugins.
Preloading 0 native plugins for Editor in 0.00 ms.
Unloading 3695 Unused Serialized files (Serialized files now loaded: 0)
System memory in use before: 140.3 MB.
System memory in use after: 140.4 MB.

Unloading 18 unused Assets to reduce memory usage. Loaded Objects now: 4221.
Total: 2.580100 ms (FindLiveObjects: 0.317800 ms CreateObjectMapping: 0.161100 ms MarkObjects: 1.999200 ms  DeleteObjects: 0.101400 ms)

========================================================================
Received Prepare
Registering precompiled user dll's ...
Registered in 0.003767 seconds.
Begin MonoManager ReloadAssembly
Symbol file LoadedFromMemory doesn't match image D:\Github\senior-project-spring-2022-greybound-2d-pixel-game\Greybound\Library\PackageCache\com.unity.visualscripting@1.6.1\Editor\VisualScripting.Core\Dependencies\YamlDotNet\Unity.VisualScripting.YamlDotNet.dll
Symbol file LoadedFromMemory doesn't match image D:\Github\senior-project-spring-2022-greybound-2d-pixel-game\Greybound\Library\PackageCache\com.unity.visualscripting@1.6.1\Editor\VisualScripting.Core\Dependencies\DotNetZip\Unity.VisualScripting.IonicZip.dll
Native extension for WindowsStandalone target not found
Refreshing native plugins compatible for Editor in 0.66 ms, found 2 plugins.
Preloading 0 native plugins for Editor in 0.00 ms.
Mono: successfully reloaded assembly
- Completed reload, in  0.944 seconds
Platform modules already initialized, skipping
Refreshing native plugins compatible for Editor in 0.70 ms, found 2 plugins.
Preloading 0 native plugins for Editor in 0.00 ms.
Unloading 3695 Unused Serialized files (Serialized files now loaded: 0)
System memory in use before: 140.3 MB.
System memory in use after: 140.4 MB.

Unloading 18 unused Assets to reduce memory usage. Loaded Objects now: 4225.
Total: 2.427100 ms (FindLiveObjects: 0.272400 ms CreateObjectMapping: 0.135200 ms MarkObjects: 1.923000 ms  DeleteObjects: 0.095900 ms)

========================================================================
Received Prepare
Registering precompiled user dll's ...
Registered in 0.003866 seconds.
Begin MonoManager ReloadAssembly
Symbol file LoadedFromMemory doesn't match image D:\Github\senior-project-spring-2022-greybound-2d-pixel-game\Greybound\Library\PackageCache\com.unity.visualscripting@1.6.1\Editor\VisualScripting.Core\Dependencies\YamlDotNet\Unity.VisualScripting.YamlDotNet.dll
Symbol file LoadedFromMemory doesn't match image D:\Github\senior-project-spring-2022-greybound-2d-pixel-game\Greybound\Library\PackageCache\com.unity.visualscripting@1.6.1\Editor\VisualScripting.Core\Dependencies\DotNetZip\Unity.VisualScripting.IonicZip.dll
Native extension for WindowsStandalone target not found
Refreshing native plugins compatible for Editor in 0.69 ms, found 2 plugins.
Preloading 0 native plugins for Editor in 0.00 ms.
Mono: successfully reloaded assembly
- Completed reload, in  0.929 seconds
Platform modules already initialized, skipping
Refreshing native plugins compatible for Editor in 0.67 ms, found 2 plugins.
Preloading 0 native plugins for Editor in 0.00 ms.
Unloading 3695 Unused Serialized files (Serialized files now loaded: 0)
System memory in use before: 140.3 MB.
System memory in use after: 140.4 MB.

Unloading 18 unused Assets to reduce memory usage. Loaded Objects now: 4229.
Total: 2.760800 ms (FindLiveObjects: 0.272400 ms CreateObjectMapping: 0.157400 ms MarkObjects: 2.231100 ms  DeleteObjects: 0.099100 ms)

========================================================================
Received Prepare
Registering precompiled user dll's ...
Registered in 0.004975 seconds.
Begin MonoManager ReloadAssembly
Symbol file LoadedFromMemory doesn't match image D:\Github\senior-project-spring-2022-greybound-2d-pixel-game\Greybound\Library\PackageCache\com.unity.visualscripting@1.6.1\Editor\VisualScripting.Core\Dependencies\YamlDotNet\Unity.VisualScripting.YamlDotNet.dll
Symbol file LoadedFromMemory doesn't match image D:\Github\senior-project-spring-2022-greybound-2d-pixel-game\Greybound\Library\PackageCache\com.unity.visualscripting@1.6.1\Editor\VisualScripting.Core\Dependencies\DotNetZip\Unity.VisualScripting.IonicZip.dll
Native extension for WindowsStandalone target not found
Refreshing native plugins compatible for Editor in 0.66 ms, found 2 plugins.
Preloading 0 native plugins for Editor in 0.00 ms.
Mono: successfully reloaded assembly
- Completed reload, in  0.972 seconds
Platform modules already initialized, skipping
Refreshing native plugins compatible for Editor in 0.67 ms, found 2 plugins.
Preloading 0 native plugins for Editor in 0.00 ms.
Unloading 3695 Unused Serialized files (Serialized files now loaded: 0)
System memory in use before: 140.3 MB.
System memory in use after: 140.4 MB.

Unloading 18 unused Assets to reduce memory usage. Loaded Objects now: 4233.
Total: 2.617100 ms (FindLiveObjects: 0.255500 ms CreateObjectMapping: 0.181800 ms MarkObjects: 2.078100 ms  DeleteObjects: 0.100800 ms)

========================================================================
Received Import Request.
  Time since last request: 1360.346050 seconds.
  path: Assets/Audi
  artifactKey: Guid(040a7488be830c3448676400b82f26f3) Importer(815301076,1909f56bfc062723c751e8b465ee728b)
Start importing Assets/Audi using Guid(040a7488be830c3448676400b82f26f3) Importer(815301076,1909f56bfc062723c751e8b465ee728b)  -> (artifact id: '3ed9de7df6f062c2fc0130c25582f6b7') in 0.010237 seconds 
========================================================================
Received Import Request.
  Time since last request: 5.321464 seconds.
  path: Assets/Audi0
  artifactKey: Guid(040a7488be830c3448676400b82f26f3) Importer(815301076,1909f56bfc062723c751e8b465ee728b)
Start importing Assets/Audi0 using Guid(040a7488be830c3448676400b82f26f3) Importer(815301076,1909f56bfc062723c751e8b465ee728b)  -> (artifact id: 'f1ce9defe6d4a99ed4a8adc391151d6d') in 0.007210 seconds 
========================================================================
Received Import Request.
  Time since last request: 10.969569 seconds.
  path: Assets/Audio
  artifactKey: Guid(040a7488be830c3448676400b82f26f3) Importer(815301076,1909f56bfc062723c751e8b465ee728b)
Start importing Assets/Audio using Guid(040a7488be830c3448676400b82f26f3) Importer(815301076,1909f56bfc062723c751e8b465ee728b)  -> (artifact id: '59cdf33c1d7d670e23cb630b8d6f3bb2') in 0.007382 seconds 
========================================================================
Received Import Request.
  Time since last request: 87.978248 seconds.
  path: Assets/Audio/A Moment's Peace.mp3
  artifactKey: Guid(3e71b725908cc144db9f3bca68179db7) Importer(815301076,1909f56bfc062723c751e8b465ee728b)
Start importing Assets/Audio/A Moment's Peace.mp3 using Guid(3e71b725908cc144db9f3bca68179db7) Importer(815301076,1909f56bfc062723c751e8b465ee728b)  -> (artifact id: 'a2cba4f5a9e6d3293a022fdbf005e109') in 0.065516 seconds 
========================================================================
Received Import Request.
  Time since last request: 6.685657 seconds.
  path: Assets/Audio/MainMixer.mixer
  artifactKey: Guid(2c051b54b2e18864caeb7ce50a66694c) Importer(815301076,1909f56bfc062723c751e8b465ee728b)
Start importing Assets/Audio/MainMixer.mixer using Guid(2c051b54b2e18864caeb7ce50a66694c) Importer(815301076,1909f56bfc062723c751e8b465ee728b)  -> (artifact id: 'fe046dad62641d5e7635c436eefb9897') in 0.010133 seconds 
========================================================================
Received Import Request.
  Time since last request: 730.040246 seconds.
  path: Assets/Audio/NewAudioMixer.mixer
  artifactKey: Guid(a150939d5b7898840b1a32ce384dbde0) Importer(815301076,1909f56bfc062723c751e8b465ee728b)
Start importing Assets/Audio/NewAudioMixer.mixer using Guid(a150939d5b7898840b1a32ce384dbde0) Importer(815301076,1909f56bfc062723c751e8b465ee728b)  -> (artifact id: 'b7d8078069bd5f5fb18924449853533f') in 0.003328 seconds 
========================================================================
Received Import Request.
  Time since last request: 272.739911 seconds.
  path: Assets/Audio/NewAudioMixer.mixer
  artifactKey: Guid(a150939d5b7898840b1a32ce384dbde0) Importer(815301076,1909f56bfc062723c751e8b465ee728b)
Start importing Assets/Audio/NewAudioMixer.mixer using Guid(a150939d5b7898840b1a32ce384dbde0) Importer(815301076,1909f56bfc062723c751e8b465ee728b)  -> (artifact id: '3c91377086ddeda8686b62e1dff25f03') in 0.004075 seconds 
========================================================================
Received Import Request.
  Time since last request: 871.331499 seconds.
  path: Assets/Audio/A Moment's Peace (online-audio-converter.com).mp3
  artifactKey: Guid(f0a4d8c034e25ac45a75905f2439cf00) Importer(815301076,1909f56bfc062723c751e8b465ee728b)
Start importing Assets/Audio/A Moment's Peace (online-audio-converter.com).mp3 using Guid(f0a4d8c034e25ac45a75905f2439cf00) Importer(815301076,1909f56bfc062723c751e8b465ee728b)  -> (artifact id: 'a7642199a89efe43f2bd9f043cf82460') in 0.072630 seconds 
========================================================================
Received Prepare
Registering precompiled user dll's ...
Registered in 0.003666 seconds.
Begin MonoManager ReloadAssembly
Symbol file LoadedFromMemory doesn't match image D:\Github\senior-project-spring-2022-greybound-2d-pixel-game\Greybound\Library\PackageCache\com.unity.visualscripting@1.6.1\Editor\VisualScripting.Core\Dependencies\YamlDotNet\Unity.VisualScripting.YamlDotNet.dll
Symbol file LoadedFromMemory doesn't match image D:\Github\senior-project-spring-2022-greybound-2d-pixel-game\Greybound\Library\PackageCache\com.unity.visualscripting@1.6.1\Editor\VisualScripting.Core\Dependencies\DotNetZip\Unity.VisualScripting.IonicZip.dll
Native extension for WindowsStandalone target not found
Refreshing native plugins compatible for Editor in 0.80 ms, found 2 plugins.
Preloading 0 native plugins for Editor in 0.00 ms.
Mono: successfully reloaded assembly
- Completed reload, in  0.969 seconds
Platform modules already initialized, skipping
Refreshing native plugins compatible for Editor in 0.72 ms, found 2 plugins.
Preloading 0 native plugins for Editor in 0.00 ms.
Unloading 3695 Unused Serialized files (Serialized files now loaded: 0)
System memory in use before: 144.5 MB.
System memory in use after: 144.6 MB.

Unloading 18 unused Assets to reduce memory usage. Loaded Objects now: 4246.
Total: 2.651800 ms (FindLiveObjects: 0.269500 ms CreateObjectMapping: 0.173400 ms MarkObjects: 2.083000 ms  DeleteObjects: 0.125100 ms)

========================================================================
Received Prepare
Registering precompiled user dll's ...
Registered in 0.004103 seconds.
Begin MonoManager ReloadAssembly
Symbol file LoadedFromMemory doesn't match image D:\Github\senior-project-spring-2022-greybound-2d-pixel-game\Greybound\Library\PackageCache\com.unity.visualscripting@1.6.1\Editor\VisualScripting.Core\Dependencies\YamlDotNet\Unity.VisualScripting.YamlDotNet.dll
Symbol file LoadedFromMemory doesn't match image D:\Github\senior-project-spring-2022-greybound-2d-pixel-game\Greybound\Library\PackageCache\com.unity.visualscripting@1.6.1\Editor\VisualScripting.Core\Dependencies\DotNetZip\Unity.VisualScripting.IonicZip.dll
Native extension for WindowsStandalone target not found
Refreshing native plugins compatible for Editor in 0.81 ms, found 2 plugins.
Preloading 0 native plugins for Editor in 0.00 ms.
Mono: successfully reloaded assembly
- Completed reload, in  1.003 seconds
Platform modules already initialized, skipping
Refreshing native plugins compatible for Editor in 0.67 ms, found 2 plugins.
Preloading 0 native plugins for Editor in 0.00 ms.
Unloading 3695 Unused Serialized files (Serialized files now loaded: 0)
System memory in use before: 144.5 MB.
System memory in use after: 144.6 MB.

Unloading 18 unused Assets to reduce memory usage. Loaded Objects now: 4250.
Total: 2.867800 ms (FindLiveObjects: 0.330000 ms CreateObjectMapping: 0.160300 ms MarkObjects: 2.276600 ms  DeleteObjects: 0.099800 ms)

========================================================================
Received Prepare
Registering precompiled user dll's ...
Registered in 0.003854 seconds.
Begin MonoManager ReloadAssembly
Symbol file LoadedFromMemory doesn't match image D:\Github\senior-project-spring-2022-greybound-2d-pixel-game\Greybound\Library\PackageCache\com.unity.visualscripting@1.6.1\Editor\VisualScripting.Core\Dependencies\YamlDotNet\Unity.VisualScripting.YamlDotNet.dll
Symbol file LoadedFromMemory doesn't match image D:\Github\senior-project-spring-2022-greybound-2d-pixel-game\Greybound\Library\PackageCache\com.unity.visualscripting@1.6.1\Editor\VisualScripting.Core\Dependencies\DotNetZip\Unity.VisualScripting.IonicZip.dll
Native extension for WindowsStandalone target not found
Refreshing native plugins compatible for Editor in 0.65 ms, found 2 plugins.
Preloading 0 native plugins for Editor in 0.00 ms.
Mono: successfully reloaded assembly
- Completed reload, in  0.967 seconds
Platform modules already initialized, skipping
Refreshing native plugins compatible for Editor in 0.82 ms, found 2 plugins.
Preloading 0 native plugins for Editor in 0.00 ms.
Unloading 3695 Unused Serialized files (Serialized files now loaded: 0)
System memory in use before: 144.5 MB.
System memory in use after: 144.6 MB.

Unloading 18 unused Assets to reduce memory usage. Loaded Objects now: 4254.
Total: 2.899000 ms (FindLiveObjects: 0.301000 ms CreateObjectMapping: 0.190900 ms MarkObjects: 2.290000 ms  DeleteObjects: 0.116100 ms)

========================================================================
Received Prepare
Registering precompiled user dll's ...
Registered in 0.004374 seconds.
Begin MonoManager ReloadAssembly
Symbol file LoadedFromMemory doesn't match image D:\Github\senior-project-spring-2022-greybound-2d-pixel-game\Greybound\Library\PackageCache\com.unity.visualscripting@1.6.1\Editor\VisualScripting.Core\Dependencies\YamlDotNet\Unity.VisualScripting.YamlDotNet.dll
Symbol file LoadedFromMemory doesn't match image D:\Github\senior-project-spring-2022-greybound-2d-pixel-game\Greybound\Library\PackageCache\com.unity.visualscripting@1.6.1\Editor\VisualScripting.Core\Dependencies\DotNetZip\Unity.VisualScripting.IonicZip.dll
Native extension for WindowsStandalone target not found
Refreshing native plugins compatible for Editor in 0.68 ms, found 2 plugins.
Preloading 0 native plugins for Editor in 0.00 ms.
Mono: successfully reloaded assembly
- Completed reload, in  1.235 seconds
Platform modules already initialized, skipping
Refreshing native plugins compatible for Editor in 1.28 ms, found 2 plugins.
Preloading 0 native plugins for Editor in 0.00 ms.
Unloading 3695 Unused Serialized files (Serialized files now loaded: 0)
System memory in use before: 144.5 MB.
System memory in use after: 144.6 MB.

Unloading 18 unused Assets to reduce memory usage. Loaded Objects now: 4258.
Total: 2.597200 ms (FindLiveObjects: 0.286100 ms CreateObjectMapping: 0.166700 ms MarkObjects: 1.945700 ms  DeleteObjects: 0.198000 ms)

========================================================================
Received Prepare
Registering precompiled user dll's ...
Registered in 0.004777 seconds.
Begin MonoManager ReloadAssembly
Symbol file LoadedFromMemory doesn't match image D:\Github\senior-project-spring-2022-greybound-2d-pixel-game\Greybound\Library\PackageCache\com.unity.visualscripting@1.6.1\Editor\VisualScripting.Core\Dependencies\YamlDotNet\Unity.VisualScripting.YamlDotNet.dll
Symbol file LoadedFromMemory doesn't match image D:\Github\senior-project-spring-2022-greybound-2d-pixel-game\Greybound\Library\PackageCache\com.unity.visualscripting@1.6.1\Editor\VisualScripting.Core\Dependencies\DotNetZip\Unity.VisualScripting.IonicZip.dll
Native extension for WindowsStandalone target not found
Refreshing native plugins compatible for Editor in 0.66 ms, found 2 plugins.
Preloading 0 native plugins for Editor in 0.00 ms.
Mono: successfully reloaded assembly
- Completed reload, in  1.060 seconds
Platform modules already initialized, skipping
Refreshing native plugins compatible for Editor in 0.75 ms, found 2 plugins.
Preloading 0 native plugins for Editor in 0.00 ms.
Unloading 3695 Unused Serialized files (Serialized files now loaded: 0)
System memory in use before: 144.5 MB.
System memory in use after: 144.7 MB.

Unloading 18 unused Assets to reduce memory usage. Loaded Objects now: 4262.
Total: 6.360200 ms (FindLiveObjects: 0.286000 ms CreateObjectMapping: 0.185800 ms MarkObjects: 5.707700 ms  DeleteObjects: 0.179300 ms)

========================================================================
Received Prepare
Registering precompiled user dll's ...
Registered in 0.007071 seconds.
Begin MonoManager ReloadAssembly
Symbol file LoadedFromMemory doesn't match image D:\Github\senior-project-spring-2022-greybound-2d-pixel-game\Greybound\Library\PackageCache\com.unity.visualscripting@1.6.1\Editor\VisualScripting.Core\Dependencies\YamlDotNet\Unity.VisualScripting.YamlDotNet.dll
Symbol file LoadedFromMemory doesn't match image D:\Github\senior-project-spring-2022-greybound-2d-pixel-game\Greybound\Library\PackageCache\com.unity.visualscripting@1.6.1\Editor\VisualScripting.Core\Dependencies\DotNetZip\Unity.VisualScripting.IonicZip.dll
Native extension for WindowsStandalone target not found
Refreshing native plugins compatible for Editor in 0.76 ms, found 2 plugins.
Preloading 0 native plugins for Editor in 0.00 ms.
Mono: successfully reloaded assembly
- Completed reload, in  1.222 seconds
Platform modules already initialized, skipping
Refreshing native plugins compatible for Editor in 1.85 ms, found 2 plugins.
Preloading 0 native plugins for Editor in 0.00 ms.
Unloading 3695 Unused Serialized files (Serialized files now loaded: 0)
System memory in use before: 144.5 MB.
System memory in use after: 144.7 MB.

Unloading 18 unused Assets to reduce memory usage. Loaded Objects now: 4266.
Total: 2.715800 ms (FindLiveObjects: 0.302900 ms CreateObjectMapping: 0.206300 ms MarkObjects: 2.043700 ms  DeleteObjects: 0.161900 ms)

========================================================================
Received Prepare
Registering precompiled user dll's ...
Registered in 0.004391 seconds.
Begin MonoManager ReloadAssembly
Symbol file LoadedFromMemory doesn't match image D:\Github\senior-project-spring-2022-greybound-2d-pixel-game\Greybound\Library\PackageCache\com.unity.visualscripting@1.6.1\Editor\VisualScripting.Core\Dependencies\YamlDotNet\Unity.VisualScripting.YamlDotNet.dll
Symbol file LoadedFromMemory doesn't match image D:\Github\senior-project-spring-2022-greybound-2d-pixel-game\Greybound\Library\PackageCache\com.unity.visualscripting@1.6.1\Editor\VisualScripting.Core\Dependencies\DotNetZip\Unity.VisualScripting.IonicZip.dll
Native extension for WindowsStandalone target not found
Refreshing native plugins compatible for Editor in 1.14 ms, found 2 plugins.
Preloading 0 native plugins for Editor in 0.00 ms.
Mono: successfully reloaded assembly
- Completed reload, in  1.557 seconds
Platform modules already initialized, skipping
Refreshing native plugins compatible for Editor in 0.85 ms, found 2 plugins.
Preloading 0 native plugins for Editor in 0.00 ms.
Unloading 3695 Unused Serialized files (Serialized files now loaded: 0)
System memory in use before: 144.6 MB.
System memory in use after: 144.7 MB.

Unloading 18 unused Assets to reduce memory usage. Loaded Objects now: 4270.
Total: 3.997900 ms (FindLiveObjects: 0.367200 ms CreateObjectMapping: 0.329700 ms MarkObjects: 3.168300 ms  DeleteObjects: 0.131200 ms)

========================================================================
Received Prepare
Registering precompiled user dll's ...
Registered in 0.006153 seconds.
Begin MonoManager ReloadAssembly
Symbol file LoadedFromMemory doesn't match image D:\Github\senior-project-spring-2022-greybound-2d-pixel-game\Greybound\Library\PackageCache\com.unity.visualscripting@1.6.1\Editor\VisualScripting.Core\Dependencies\YamlDotNet\Unity.VisualScripting.YamlDotNet.dll
Symbol file LoadedFromMemory doesn't match image D:\Github\senior-project-spring-2022-greybound-2d-pixel-game\Greybound\Library\PackageCache\com.unity.visualscripting@1.6.1\Editor\VisualScripting.Core\Dependencies\DotNetZip\Unity.VisualScripting.IonicZip.dll
Native extension for WindowsStandalone target not found
Refreshing native plugins compatible for Editor in 1.16 ms, found 2 plugins.
Preloading 0 native plugins for Editor in 0.00 ms.
Mono: successfully reloaded assembly
- Completed reload, in  1.630 seconds
Platform modules already initialized, skipping
Refreshing native plugins compatible for Editor in 1.06 ms, found 2 plugins.
Preloading 0 native plugins for Editor in 0.00 ms.
Unloading 3695 Unused Serialized files (Serialized files now loaded: 0)
System memory in use before: 144.6 MB.
System memory in use after: 144.7 MB.

Unloading 18 unused Assets to reduce memory usage. Loaded Objects now: 4274.
Total: 3.902200 ms (FindLiveObjects: 0.304600 ms CreateObjectMapping: 0.214200 ms MarkObjects: 3.254900 ms  DeleteObjects: 0.127300 ms)

========================================================================
Received Import Request.
  Time since last request: 13988.696416 seconds.
  path: Assets/Scenes/Main Menu.unity
  artifactKey: Guid(3d95bf152e2b8744e99f186da30af216) Importer(815301076,1909f56bfc062723c751e8b465ee728b)
Start importing Assets/Scenes/Main Menu.unity using Guid(3d95bf152e2b8744e99f186da30af216) Importer(815301076,1909f56bfc062723c751e8b465ee728b)  -> (artifact id: '410db40b8bcce92ebe598a1eebd8b246') in 0.026137 seconds 
========================================================================
Received Import Request.
  Time since last request: 0.763397 seconds.
  path: Assets/Scenes/Saloon.unity
  artifactKey: Guid(8596b92489e5d0940acd5051ac830baa) Importer(815301076,1909f56bfc062723c751e8b465ee728b)
Start importing Assets/Scenes/Saloon.unity using Guid(8596b92489e5d0940acd5051ac830baa) Importer(815301076,1909f56bfc062723c751e8b465ee728b)  -> (artifact id: '8104dd0e87e2850a8bc86ccafa71bea7') in 0.011148 seconds 
========================================================================
Received Import Request.
  Time since last request: 1.998795 seconds.
  path: Assets/Scenes/TestLevel.unity
  artifactKey: Guid(cc875cbe088256a45a38545bf32973d2) Importer(815301076,1909f56bfc062723c751e8b465ee728b)
Start importing Assets/Scenes/TestLevel.unity using Guid(cc875cbe088256a45a38545bf32973d2) Importer(815301076,1909f56bfc062723c751e8b465ee728b)  -> (artifact id: '524ee5ca0154f0a064c7f39f9a7a7441') in 0.014235 seconds 
========================================================================
Received Prepare
Registering precompiled user dll's ...
Registered in 0.004970 seconds.
Begin MonoManager ReloadAssembly
Symbol file LoadedFromMemory doesn't match image D:\Github\senior-project-spring-2022-greybound-2d-pixel-game\Greybound\Library\PackageCache\com.unity.visualscripting@1.6.1\Editor\VisualScripting.Core\Dependencies\YamlDotNet\Unity.VisualScripting.YamlDotNet.dll
Symbol file LoadedFromMemory doesn't match image D:\Github\senior-project-spring-2022-greybound-2d-pixel-game\Greybound\Library\PackageCache\com.unity.visualscripting@1.6.1\Editor\VisualScripting.Core\Dependencies\DotNetZip\Unity.VisualScripting.IonicZip.dll
Native extension for WindowsStandalone target not found
Refreshing native plugins compatible for Editor in 2.72 ms, found 2 plugins.
Preloading 0 native plugins for Editor in 0.00 ms.
Mono: successfully reloaded assembly
- Completed reload, in  1.263 seconds
Platform modules already initialized, skipping
Refreshing native plugins compatible for Editor in 1.01 ms, found 2 plugins.
Preloading 0 native plugins for Editor in 0.00 ms.
Unloading 3695 Unused Serialized files (Serialized files now loaded: 0)
System memory in use before: 144.6 MB.
System memory in use after: 144.7 MB.

Unloading 18 unused Assets to reduce memory usage. Loaded Objects now: 4278.
Total: 3.932400 ms (FindLiveObjects: 0.332900 ms CreateObjectMapping: 0.242700 ms MarkObjects: 3.208500 ms  DeleteObjects: 0.147300 ms)

========================================================================
Received Prepare
Registering precompiled user dll's ...
Registered in 0.006470 seconds.
Begin MonoManager ReloadAssembly
Symbol file LoadedFromMemory doesn't match image D:\Github\senior-project-spring-2022-greybound-2d-pixel-game\Greybound\Library\PackageCache\com.unity.visualscripting@1.6.1\Editor\VisualScripting.Core\Dependencies\YamlDotNet\Unity.VisualScripting.YamlDotNet.dll
Symbol file LoadedFromMemory doesn't match image D:\Github\senior-project-spring-2022-greybound-2d-pixel-game\Greybound\Library\PackageCache\com.unity.visualscripting@1.6.1\Editor\VisualScripting.Core\Dependencies\DotNetZip\Unity.VisualScripting.IonicZip.dll
Native extension for WindowsStandalone target not found
Refreshing native plugins compatible for Editor in 1.22 ms, found 2 plugins.
Preloading 0 native plugins for Editor in 0.00 ms.
Mono: successfully reloaded assembly
- Completed reload, in  1.219 seconds
Platform modules already initialized, skipping
Refreshing native plugins compatible for Editor in 0.88 ms, found 2 plugins.
Preloading 0 native plugins for Editor in 0.00 ms.
Unloading 3695 Unused Serialized files (Serialized files now loaded: 0)
System memory in use before: 144.6 MB.
System memory in use after: 144.7 MB.

Unloading 18 unused Assets to reduce memory usage. Loaded Objects now: 4282.
Total: 3.984700 ms (FindLiveObjects: 0.835400 ms CreateObjectMapping: 0.308800 ms MarkObjects: 2.678300 ms  DeleteObjects: 0.160600 ms)

========================================================================
Received Prepare
Registering precompiled user dll's ...
Registered in 0.007138 seconds.
Begin MonoManager ReloadAssembly
Symbol file LoadedFromMemory doesn't match image D:\Github\senior-project-spring-2022-greybound-2d-pixel-game\Greybound\Library\PackageCache\com.unity.visualscripting@1.6.1\Editor\VisualScripting.Core\Dependencies\YamlDotNet\Unity.VisualScripting.YamlDotNet.dll
Symbol file LoadedFromMemory doesn't match image D:\Github\senior-project-spring-2022-greybound-2d-pixel-game\Greybound\Library\PackageCache\com.unity.visualscripting@1.6.1\Editor\VisualScripting.Core\Dependencies\DotNetZip\Unity.VisualScripting.IonicZip.dll
Native extension for WindowsStandalone target not found
Refreshing native plugins compatible for Editor in 1.94 ms, found 2 plugins.
Preloading 0 native plugins for Editor in 0.00 ms.
Mono: successfully reloaded assembly
- Completed reload, in  1.243 seconds
Platform modules already initialized, skipping
Refreshing native plugins compatible for Editor in 1.09 ms, found 2 plugins.
Preloading 0 native plugins for Editor in 0.00 ms.
Unloading 3695 Unused Serialized files (Serialized files now loaded: 0)
System memory in use before: 144.6 MB.
System memory in use after: 144.7 MB.

Unloading 18 unused Assets to reduce memory usage. Loaded Objects now: 4286.
Total: 2.860500 ms (FindLiveObjects: 0.331300 ms CreateObjectMapping: 0.336900 ms MarkObjects: 2.078500 ms  DeleteObjects: 0.112800 ms)

========================================================================
Received Prepare
Registering precompiled user dll's ...
Registered in 0.005042 seconds.
Begin MonoManager ReloadAssembly
Symbol file LoadedFromMemory doesn't match image D:\Github\senior-project-spring-2022-greybound-2d-pixel-game\Greybound\Library\PackageCache\com.unity.visualscripting@1.6.1\Editor\VisualScripting.Core\Dependencies\YamlDotNet\Unity.VisualScripting.YamlDotNet.dll
Symbol file LoadedFromMemory doesn't match image D:\Github\senior-project-spring-2022-greybound-2d-pixel-game\Greybound\Library\PackageCache\com.unity.visualscripting@1.6.1\Editor\VisualScripting.Core\Dependencies\DotNetZip\Unity.VisualScripting.IonicZip.dll
Native extension for WindowsStandalone target not found
Refreshing native plugins compatible for Editor in 1.07 ms, found 2 plugins.
Preloading 0 native plugins for Editor in 0.00 ms.
Mono: successfully reloaded assembly
- Completed reload, in  1.284 seconds
Platform modules already initialized, skipping
Refreshing native plugins compatible for Editor in 0.79 ms, found 2 plugins.
Preloading 0 native plugins for Editor in 0.00 ms.
Unloading 3695 Unused Serialized files (Serialized files now loaded: 0)
System memory in use before: 144.6 MB.
System memory in use after: 144.7 MB.

Unloading 18 unused Assets to reduce memory usage. Loaded Objects now: 4290.
Total: 2.758700 ms (FindLiveObjects: 0.299500 ms CreateObjectMapping: 0.204400 ms MarkObjects: 2.139900 ms  DeleteObjects: 0.114100 ms)

========================================================================
Received Prepare
Registering precompiled user dll's ...
Registered in 0.004052 seconds.
Begin MonoManager ReloadAssembly
Symbol file LoadedFromMemory doesn't match image D:\Github\senior-project-spring-2022-greybound-2d-pixel-game\Greybound\Library\PackageCache\com.unity.visualscripting@1.6.1\Editor\VisualScripting.Core\Dependencies\YamlDotNet\Unity.VisualScripting.YamlDotNet.dll
Symbol file LoadedFromMemory doesn't match image D:\Github\senior-project-spring-2022-greybound-2d-pixel-game\Greybound\Library\PackageCache\com.unity.visualscripting@1.6.1\Editor\VisualScripting.Core\Dependencies\DotNetZip\Unity.VisualScripting.IonicZip.dll
Native extension for WindowsStandalone target not found
Refreshing native plugins compatible for Editor in 0.65 ms, found 2 plugins.
Preloading 0 native plugins for Editor in 0.00 ms.
Mono: successfully reloaded assembly
- Completed reload, in  0.982 seconds
Platform modules already initialized, skipping
Refreshing native plugins compatible for Editor in 0.66 ms, found 2 plugins.
Preloading 0 native plugins for Editor in 0.00 ms.
Unloading 3695 Unused Serialized files (Serialized files now loaded: 0)
System memory in use before: 144.6 MB.
System memory in use after: 144.7 MB.

Unloading 18 unused Assets to reduce memory usage. Loaded Objects now: 4294.
Total: 2.540700 ms (FindLiveObjects: 0.281600 ms CreateObjectMapping: 0.146000 ms MarkObjects: 1.951200 ms  DeleteObjects: 0.161000 ms)

========================================================================
Received Prepare
Registering precompiled user dll's ...
Registered in 0.004084 seconds.
Begin MonoManager ReloadAssembly
Symbol file LoadedFromMemory doesn't match image D:\Github\senior-project-spring-2022-greybound-2d-pixel-game\Greybound\Library\PackageCache\com.unity.visualscripting@1.6.1\Editor\VisualScripting.Core\Dependencies\YamlDotNet\Unity.VisualScripting.YamlDotNet.dll
Symbol file LoadedFromMemory doesn't match image D:\Github\senior-project-spring-2022-greybound-2d-pixel-game\Greybound\Library\PackageCache\com.unity.visualscripting@1.6.1\Editor\VisualScripting.Core\Dependencies\DotNetZip\Unity.VisualScripting.IonicZip.dll
Native extension for WindowsStandalone target not found
Refreshing native plugins compatible for Editor in 0.82 ms, found 2 plugins.
Preloading 0 native plugins for Editor in 0.00 ms.
Mono: successfully reloaded assembly
- Completed reload, in  0.892 seconds
Platform modules already initialized, skipping
Refreshing native plugins compatible for Editor in 0.67 ms, found 2 plugins.
Preloading 0 native plugins for Editor in 0.00 ms.
Unloading 3695 Unused Serialized files (Serialized files now loaded: 0)
System memory in use before: 144.6 MB.
System memory in use after: 144.7 MB.

Unloading 18 unused Assets to reduce memory usage. Loaded Objects now: 4298.
Total: 2.851100 ms (FindLiveObjects: 0.276900 ms CreateObjectMapping: 0.140500 ms MarkObjects: 2.311600 ms  DeleteObjects: 0.121200 ms)

========================================================================
Received Prepare
Registering precompiled user dll's ...
Registered in 0.003771 seconds.
Begin MonoManager ReloadAssembly
Symbol file LoadedFromMemory doesn't match image D:\Github\senior-project-spring-2022-greybound-2d-pixel-game\Greybound\Library\PackageCache\com.unity.visualscripting@1.6.1\Editor\VisualScripting.Core\Dependencies\YamlDotNet\Unity.VisualScripting.YamlDotNet.dll
Symbol file LoadedFromMemory doesn't match image D:\Github\senior-project-spring-2022-greybound-2d-pixel-game\Greybound\Library\PackageCache\com.unity.visualscripting@1.6.1\Editor\VisualScripting.Core\Dependencies\DotNetZip\Unity.VisualScripting.IonicZip.dll
Native extension for WindowsStandalone target not found
Refreshing native plugins compatible for Editor in 0.68 ms, found 2 plugins.
Preloading 0 native plugins for Editor in 0.00 ms.
Mono: successfully reloaded assembly
- Completed reload, in  1.000 seconds
Platform modules already initialized, skipping
Refreshing native plugins compatible for Editor in 0.79 ms, found 2 plugins.
Preloading 0 native plugins for Editor in 0.00 ms.
Unloading 3695 Unused Serialized files (Serialized files now loaded: 0)
System memory in use before: 144.7 MB.
System memory in use after: 144.8 MB.

Unloading 18 unused Assets to reduce memory usage. Loaded Objects now: 4302.
Total: 3.409300 ms (FindLiveObjects: 0.317400 ms CreateObjectMapping: 0.254300 ms MarkObjects: 2.684200 ms  DeleteObjects: 0.152300 ms)

========================================================================
Received Prepare
Registering precompiled user dll's ...
Registered in 0.004019 seconds.
Begin MonoManager ReloadAssembly
Symbol file LoadedFromMemory doesn't match image D:\Github\senior-project-spring-2022-greybound-2d-pixel-game\Greybound\Library\PackageCache\com.unity.visualscripting@1.6.1\Editor\VisualScripting.Core\Dependencies\YamlDotNet\Unity.VisualScripting.YamlDotNet.dll
Symbol file LoadedFromMemory doesn't match image D:\Github\senior-project-spring-2022-greybound-2d-pixel-game\Greybound\Library\PackageCache\com.unity.visualscripting@1.6.1\Editor\VisualScripting.Core\Dependencies\DotNetZip\Unity.VisualScripting.IonicZip.dll
Native extension for WindowsStandalone target not found
Refreshing native plugins compatible for Editor in 0.69 ms, found 2 plugins.
Preloading 0 native plugins for Editor in 0.00 ms.
Mono: successfully reloaded assembly
- Completed reload, in  0.975 seconds
Platform modules already initialized, skipping
Refreshing native plugins compatible for Editor in 0.76 ms, found 2 plugins.
Preloading 0 native plugins for Editor in 0.00 ms.
Unloading 3695 Unused Serialized files (Serialized files now loaded: 0)
System memory in use before: 144.7 MB.
System memory in use after: 144.8 MB.

Unloading 18 unused Assets to reduce memory usage. Loaded Objects now: 4306.
Total: 2.711300 ms (FindLiveObjects: 0.297900 ms CreateObjectMapping: 0.172500 ms MarkObjects: 2.141800 ms  DeleteObjects: 0.098300 ms)

========================================================================
Received Prepare
Registering precompiled user dll's ...
Registered in 0.004068 seconds.
Begin MonoManager ReloadAssembly
Symbol file LoadedFromMemory doesn't match image D:\Github\senior-project-spring-2022-greybound-2d-pixel-game\Greybound\Library\PackageCache\com.unity.visualscripting@1.6.1\Editor\VisualScripting.Core\Dependencies\YamlDotNet\Unity.VisualScripting.YamlDotNet.dll
Symbol file LoadedFromMemory doesn't match image D:\Github\senior-project-spring-2022-greybound-2d-pixel-game\Greybound\Library\PackageCache\com.unity.visualscripting@1.6.1\Editor\VisualScripting.Core\Dependencies\DotNetZip\Unity.VisualScripting.IonicZip.dll
Native extension for WindowsStandalone target not found
Refreshing native plugins compatible for Editor in 0.67 ms, found 2 plugins.
Preloading 0 native plugins for Editor in 0.00 ms.
Mono: successfully reloaded assembly
- Completed reload, in  0.943 seconds
Platform modules already initialized, skipping
Refreshing native plugins compatible for Editor in 0.68 ms, found 2 plugins.
Preloading 0 native plugins for Editor in 0.00 ms.
Unloading 3695 Unused Serialized files (Serialized files now loaded: 0)
System memory in use before: 144.7 MB.
System memory in use after: 144.8 MB.

Unloading 18 unused Assets to reduce memory usage. Loaded Objects now: 4310.
Total: 2.662900 ms (FindLiveObjects: 0.299200 ms CreateObjectMapping: 0.171900 ms MarkObjects: 2.093600 ms  DeleteObjects: 0.097400 ms)

========================================================================
Received Prepare
Registering precompiled user dll's ...
Registered in 0.005015 seconds.
Begin MonoManager ReloadAssembly
Symbol file LoadedFromMemory doesn't match image D:\Github\senior-project-spring-2022-greybound-2d-pixel-game\Greybound\Library\PackageCache\com.unity.visualscripting@1.6.1\Editor\VisualScripting.Core\Dependencies\YamlDotNet\Unity.VisualScripting.YamlDotNet.dll
Symbol file LoadedFromMemory doesn't match image D:\Github\senior-project-spring-2022-greybound-2d-pixel-game\Greybound\Library\PackageCache\com.unity.visualscripting@1.6.1\Editor\VisualScripting.Core\Dependencies\DotNetZip\Unity.VisualScripting.IonicZip.dll
Native extension for WindowsStandalone target not found
Refreshing native plugins compatible for Editor in 0.67 ms, found 2 plugins.
Preloading 0 native plugins for Editor in 0.00 ms.
Mono: successfully reloaded assembly
- Completed reload, in  0.951 seconds
Platform modules already initialized, skipping
Refreshing native plugins compatible for Editor in 0.66 ms, found 2 plugins.
Preloading 0 native plugins for Editor in 0.00 ms.
Unloading 3695 Unused Serialized files (Serialized files now loaded: 0)
System memory in use before: 144.7 MB.
System memory in use after: 144.8 MB.

Unloading 18 unused Assets to reduce memory usage. Loaded Objects now: 4314.
Total: 2.403400 ms (FindLiveObjects: 0.270100 ms CreateObjectMapping: 0.142200 ms MarkObjects: 1.884500 ms  DeleteObjects: 0.105900 ms)

========================================================================
Received Prepare
Registering precompiled user dll's ...
Registered in 0.004666 seconds.
Begin MonoManager ReloadAssembly
Symbol file LoadedFromMemory doesn't match image D:\Github\senior-project-spring-2022-greybound-2d-pixel-game\Greybound\Library\PackageCache\com.unity.visualscripting@1.6.1\Editor\VisualScripting.Core\Dependencies\YamlDotNet\Unity.VisualScripting.YamlDotNet.dll
Symbol file LoadedFromMemory doesn't match image D:\Github\senior-project-spring-2022-greybound-2d-pixel-game\Greybound\Library\PackageCache\com.unity.visualscripting@1.6.1\Editor\VisualScripting.Core\Dependencies\DotNetZip\Unity.VisualScripting.IonicZip.dll
Native extension for WindowsStandalone target not found
Refreshing native plugins compatible for Editor in 0.66 ms, found 2 plugins.
Preloading 0 native plugins for Editor in 0.00 ms.
Mono: successfully reloaded assembly
- Completed reload, in  0.924 seconds
Platform modules already initialized, skipping
Refreshing native plugins compatible for Editor in 0.70 ms, found 2 plugins.
Preloading 0 native plugins for Editor in 0.00 ms.
Unloading 3695 Unused Serialized files (Serialized files now loaded: 0)
System memory in use before: 144.7 MB.
System memory in use after: 144.8 MB.

Unloading 18 unused Assets to reduce memory usage. Loaded Objects now: 4318.
Total: 2.674800 ms (FindLiveObjects: 0.282300 ms CreateObjectMapping: 0.191900 ms MarkObjects: 2.102700 ms  DeleteObjects: 0.097200 ms)

========================================================================
Received Prepare
Registering precompiled user dll's ...
Registered in 0.004533 seconds.
Begin MonoManager ReloadAssembly
Symbol file LoadedFromMemory doesn't match image D:\Github\senior-project-spring-2022-greybound-2d-pixel-game\Greybound\Library\PackageCache\com.unity.visualscripting@1.6.1\Editor\VisualScripting.Core\Dependencies\YamlDotNet\Unity.VisualScripting.YamlDotNet.dll
Symbol file LoadedFromMemory doesn't match image D:\Github\senior-project-spring-2022-greybound-2d-pixel-game\Greybound\Library\PackageCache\com.unity.visualscripting@1.6.1\Editor\VisualScripting.Core\Dependencies\DotNetZip\Unity.VisualScripting.IonicZip.dll
Native extension for WindowsStandalone target not found
Refreshing native plugins compatible for Editor in 0.65 ms, found 2 plugins.
Preloading 0 native plugins for Editor in 0.00 ms.
Mono: successfully reloaded assembly
- Completed reload, in  0.935 seconds
Platform modules already initialized, skipping
Refreshing native plugins compatible for Editor in 0.66 ms, found 2 plugins.
Preloading 0 native plugins for Editor in 0.00 ms.
Unloading 3695 Unused Serialized files (Serialized files now loaded: 0)
System memory in use before: 144.7 MB.
System memory in use after: 144.8 MB.

Unloading 18 unused Assets to reduce memory usage. Loaded Objects now: 4322.
Total: 2.618700 ms (FindLiveObjects: 0.292400 ms CreateObjectMapping: 0.168700 ms MarkObjects: 2.052600 ms  DeleteObjects: 0.104200 ms)

========================================================================
Received Prepare
Registering precompiled user dll's ...
Registered in 0.003973 seconds.
Begin MonoManager ReloadAssembly
Symbol file LoadedFromMemory doesn't match image D:\Github\senior-project-spring-2022-greybound-2d-pixel-game\Greybound\Library\PackageCache\com.unity.visualscripting@1.6.1\Editor\VisualScripting.Core\Dependencies\YamlDotNet\Unity.VisualScripting.YamlDotNet.dll
Symbol file LoadedFromMemory doesn't match image D:\Github\senior-project-spring-2022-greybound-2d-pixel-game\Greybound\Library\PackageCache\com.unity.visualscripting@1.6.1\Editor\VisualScripting.Core\Dependencies\DotNetZip\Unity.VisualScripting.IonicZip.dll
Native extension for WindowsStandalone target not found
Refreshing native plugins compatible for Editor in 0.65 ms, found 2 plugins.
Preloading 0 native plugins for Editor in 0.00 ms.
Mono: successfully reloaded assembly
- Completed reload, in  0.926 seconds
Platform modules already initialized, skipping
Refreshing native plugins compatible for Editor in 0.73 ms, found 2 plugins.
Preloading 0 native plugins for Editor in 0.00 ms.
Unloading 3695 Unused Serialized files (Serialized files now loaded: 0)
System memory in use before: 144.7 MB.
System memory in use after: 144.8 MB.

Unloading 18 unused Assets to reduce memory usage. Loaded Objects now: 4326.
Total: 2.909300 ms (FindLiveObjects: 0.333600 ms CreateObjectMapping: 0.242800 ms MarkObjects: 2.222500 ms  DeleteObjects: 0.109500 ms)

========================================================================
Received Prepare
Registering precompiled user dll's ...
Registered in 0.004120 seconds.
Begin MonoManager ReloadAssembly
Symbol file LoadedFromMemory doesn't match image D:\Github\senior-project-spring-2022-greybound-2d-pixel-game\Greybound\Library\PackageCache\com.unity.visualscripting@1.6.1\Editor\VisualScripting.Core\Dependencies\YamlDotNet\Unity.VisualScripting.YamlDotNet.dll
Symbol file LoadedFromMemory doesn't match image D:\Github\senior-project-spring-2022-greybound-2d-pixel-game\Greybound\Library\PackageCache\com.unity.visualscripting@1.6.1\Editor\VisualScripting.Core\Dependencies\DotNetZip\Unity.VisualScripting.IonicZip.dll
Native extension for WindowsStandalone target not found
Refreshing native plugins compatible for Editor in 0.67 ms, found 2 plugins.
Preloading 0 native plugins for Editor in 0.00 ms.
Mono: successfully reloaded assembly
- Completed reload, in  0.942 seconds
Platform modules already initialized, skipping
Refreshing native plugins compatible for Editor in 0.69 ms, found 2 plugins.
Preloading 0 native plugins for Editor in 0.00 ms.
Unloading 3695 Unused Serialized files (Serialized files now loaded: 0)
System memory in use before: 144.7 MB.
System memory in use after: 144.8 MB.

Unloading 18 unused Assets to reduce memory usage. Loaded Objects now: 4330.
Total: 2.691500 ms (FindLiveObjects: 0.286700 ms CreateObjectMapping: 0.167200 ms MarkObjects: 2.111300 ms  DeleteObjects: 0.125300 ms)

========================================================================
Received Prepare
Registering precompiled user dll's ...
Registered in 0.004155 seconds.
Begin MonoManager ReloadAssembly
Symbol file LoadedFromMemory doesn't match image D:\Github\senior-project-spring-2022-greybound-2d-pixel-game\Greybound\Library\PackageCache\com.unity.visualscripting@1.6.1\Editor\VisualScripting.Core\Dependencies\YamlDotNet\Unity.VisualScripting.YamlDotNet.dll
Symbol file LoadedFromMemory doesn't match image D:\Github\senior-project-spring-2022-greybound-2d-pixel-game\Greybound\Library\PackageCache\com.unity.visualscripting@1.6.1\Editor\VisualScripting.Core\Dependencies\DotNetZip\Unity.VisualScripting.IonicZip.dll
Native extension for WindowsStandalone target not found
Refreshing native plugins compatible for Editor in 0.73 ms, found 2 plugins.
Preloading 0 native plugins for Editor in 0.00 ms.
Mono: successfully reloaded assembly
- Completed reload, in  1.185 seconds
Platform modules already initialized, skipping
Refreshing native plugins compatible for Editor in 0.70 ms, found 2 plugins.
Preloading 0 native plugins for Editor in 0.00 ms.
Unloading 3695 Unused Serialized files (Serialized files now loaded: 0)
System memory in use before: 144.7 MB.
System memory in use after: 144.8 MB.

Unloading 18 unused Assets to reduce memory usage. Loaded Objects now: 4334.
Total: 2.842600 ms (FindLiveObjects: 0.372100 ms CreateObjectMapping: 0.169500 ms MarkObjects: 2.202100 ms  DeleteObjects: 0.098100 ms)

========================================================================
Received Import Request.
  Time since last request: 2881.929651 seconds.
  path: Assets/Animations/Aiming/Idle.anim
  artifactKey: Guid(cae7baf6d051cf74d894489ecb5b8cbf) Importer(815301076,1909f56bfc062723c751e8b465ee728b)
Start importing Assets/Animations/Aiming/Idle.anim using Guid(cae7baf6d051cf74d894489ecb5b8cbf) Importer(815301076,1909f56bfc062723c751e8b465ee728b)  -> (artifact id: '829acc6f5ce331723cb236c6f4559117') in 0.035968 seconds 
========================================================================
Received Import Request.
  Time since last request: 68.262053 seconds.
  path: Assets/Animations/Aiming/Up.anim
  artifactKey: Guid(7c10041a9400ce14a936a7cbb4491ba2) Importer(815301076,1909f56bfc062723c751e8b465ee728b)
Start importing Assets/Animations/Aiming/Up.anim using Guid(7c10041a9400ce14a936a7cbb4491ba2) Importer(815301076,1909f56bfc062723c751e8b465ee728b)  -> (artifact id: '8f25d341a5c0727dc495b2b8afc1cbf6') in 0.009615 seconds 
========================================================================
Received Import Request.
  Time since last request: 0.535069 seconds.
  path: Assets/Animations/Aiming/RightUp.anim
  artifactKey: Guid(47a04fbb4092b8c418ab06388d8f1a65) Importer(815301076,1909f56bfc062723c751e8b465ee728b)
Start importing Assets/Animations/Aiming/RightUp.anim using Guid(47a04fbb4092b8c418ab06388d8f1a65) Importer(815301076,1909f56bfc062723c751e8b465ee728b)  -> (artifact id: 'b0864a657d849fe644f5b9d2edb7e7ae') in 0.009712 seconds 
========================================================================
Received Import Request.
  Time since last request: 11.339507 seconds.
  path: Assets/Animations/Whole/Authur.controller
  artifactKey: Guid(a8f4a448645225c4dbe4ae59070007ed) Importer(815301076,1909f56bfc062723c751e8b465ee728b)
Start importing Assets/Animations/Whole/Authur.controller using Guid(a8f4a448645225c4dbe4ae59070007ed) Importer(815301076,1909f56bfc062723c751e8b465ee728b)  -> (artifact id: 'de69cbf95c35767ed83c0bab491bbc01') in 0.012938 seconds 
========================================================================
Received Import Request.
  Time since last request: 117.305304 seconds.
  path: Assets/Animations/Looking
  artifactKey: Guid(438d438dc13f924459e9030e3e6c9d43) Importer(815301076,1909f56bfc062723c751e8b465ee728b)
Start importing Assets/Animations/Looking using Guid(438d438dc13f924459e9030e3e6c9d43) Importer(815301076,1909f56bfc062723c751e8b465ee728b)  -> (artifact id: '0e14430fe6d549fb746768db257d701d') in 0.007495 seconds 
========================================================================
Received Import Request.
  Time since last request: 31.540711 seconds.
  path: Assets/Animations/Movement/LeftDown.anim
  artifactKey: Guid(0abcaa2b02df33c469b1f33638318260) Importer(815301076,1909f56bfc062723c751e8b465ee728b)
Start importing Assets/Animations/Movement/LeftDown.anim using Guid(0abcaa2b02df33c469b1f33638318260) Importer(815301076,1909f56bfc062723c751e8b465ee728b)  -> (artifact id: 'e93949db53d14ac1bfd1a58a0b341013') in 0.029294 seconds 
========================================================================
Received Import Request.
  Time since last request: 1.383353 seconds.
  path: Assets/Animations/Movement/AurthurV2 1.controller
  artifactKey: Guid(b3a769fabc56be040987c091bd4a0396) Importer(815301076,1909f56bfc062723c751e8b465ee728b)
Start importing Assets/Animations/Movement/AurthurV2 1.controller using Guid(b3a769fabc56be040987c091bd4a0396) Importer(815301076,1909f56bfc062723c751e8b465ee728b)  -> (artifact id: '53eaa9c7310e8d6eb20f575b591d1806') in 0.010027 seconds 
========================================================================
Received Import Request.
  Time since last request: 2.021112 seconds.
  path: Assets/Animations/Looking/AurthurV2 1.controller
  artifactKey: Guid(b3a769fabc56be040987c091bd4a0396) Importer(815301076,1909f56bfc062723c751e8b465ee728b)
Start importing Assets/Animations/Looking/AurthurV2 1.controller using Guid(b3a769fabc56be040987c091bd4a0396) Importer(815301076,1909f56bfc062723c751e8b465ee728b)  -> (artifact id: 'e479d8df5c7c6c3042d628605c8a6966') in 0.007738 seconds 
========================================================================
Received Import Request.
  Time since last request: 5.252720 seconds.
  path: Assets/Animations/Looking/AurthurV2.controller
  artifactKey: Guid(b3a769fabc56be040987c091bd4a0396) Importer(815301076,1909f56bfc062723c751e8b465ee728b)
Start importing Assets/Animations/Looking/AurthurV2.controller using Guid(b3a769fabc56be040987c091bd4a0396) Importer(815301076,1909f56bfc062723c751e8b465ee728b)  -> (artifact id: 'debbf726dbebcc9859e57c2db8877657') in 0.010582 seconds 
========================================================================
Received Prepare
Registering precompiled user dll's ...
Registered in 0.004029 seconds.
Begin MonoManager ReloadAssembly
Symbol file LoadedFromMemory doesn't match image D:\Github\senior-project-spring-2022-greybound-2d-pixel-game\Greybound\Library\PackageCache\com.unity.visualscripting@1.6.1\Editor\VisualScripting.Core\Dependencies\YamlDotNet\Unity.VisualScripting.YamlDotNet.dll
Symbol file LoadedFromMemory doesn't match image D:\Github\senior-project-spring-2022-greybound-2d-pixel-game\Greybound\Library\PackageCache\com.unity.visualscripting@1.6.1\Editor\VisualScripting.Core\Dependencies\DotNetZip\Unity.VisualScripting.IonicZip.dll
Native extension for WindowsStandalone target not found
Refreshing native plugins compatible for Editor in 0.77 ms, found 2 plugins.
Preloading 0 native plugins for Editor in 0.00 ms.
Mono: successfully reloaded assembly
- Completed reload, in  1.020 seconds
Platform modules already initialized, skipping
Refreshing native plugins compatible for Editor in 0.66 ms, found 2 plugins.
Preloading 0 native plugins for Editor in 0.00 ms.
Unloading 3695 Unused Serialized files (Serialized files now loaded: 0)
System memory in use before: 144.8 MB.
System memory in use after: 144.9 MB.

Unloading 18 unused Assets to reduce memory usage. Loaded Objects now: 4338.
Total: 2.620200 ms (FindLiveObjects: 0.288700 ms CreateObjectMapping: 0.176400 ms MarkObjects: 2.051200 ms  DeleteObjects: 0.103000 ms)

========================================================================
Received Prepare
Registering precompiled user dll's ...
Registered in 0.003787 seconds.
Begin MonoManager ReloadAssembly
Symbol file LoadedFromMemory doesn't match image D:\Github\senior-project-spring-2022-greybound-2d-pixel-game\Greybound\Library\PackageCache\com.unity.visualscripting@1.6.1\Editor\VisualScripting.Core\Dependencies\YamlDotNet\Unity.VisualScripting.YamlDotNet.dll
Symbol file LoadedFromMemory doesn't match image D:\Github\senior-project-spring-2022-greybound-2d-pixel-game\Greybound\Library\PackageCache\com.unity.visualscripting@1.6.1\Editor\VisualScripting.Core\Dependencies\DotNetZip\Unity.VisualScripting.IonicZip.dll
Native extension for WindowsStandalone target not found
Refreshing native plugins compatible for Editor in 0.74 ms, found 2 plugins.
Preloading 0 native plugins for Editor in 0.00 ms.
Mono: successfully reloaded assembly
- Completed reload, in  0.981 seconds
Platform modules already initialized, skipping
Refreshing native plugins compatible for Editor in 0.65 ms, found 2 plugins.
Preloading 0 native plugins for Editor in 0.00 ms.
Unloading 3695 Unused Serialized files (Serialized files now loaded: 0)
System memory in use before: 144.9 MB.
System memory in use after: 145.0 MB.

Unloading 18 unused Assets to reduce memory usage. Loaded Objects now: 4342.
Total: 2.671400 ms (FindLiveObjects: 0.280000 ms CreateObjectMapping: 0.135400 ms MarkObjects: 2.124200 ms  DeleteObjects: 0.130600 ms)

========================================================================
Received Prepare
Registering precompiled user dll's ...
Registered in 0.004137 seconds.
Begin MonoManager ReloadAssembly
Symbol file LoadedFromMemory doesn't match image D:\Github\senior-project-spring-2022-greybound-2d-pixel-game\Greybound\Library\PackageCache\com.unity.visualscripting@1.6.1\Editor\VisualScripting.Core\Dependencies\YamlDotNet\Unity.VisualScripting.YamlDotNet.dll
Symbol file LoadedFromMemory doesn't match image D:\Github\senior-project-spring-2022-greybound-2d-pixel-game\Greybound\Library\PackageCache\com.unity.visualscripting@1.6.1\Editor\VisualScripting.Core\Dependencies\DotNetZip\Unity.VisualScripting.IonicZip.dll
Native extension for WindowsStandalone target not found
Refreshing native plugins compatible for Editor in 0.79 ms, found 2 plugins.
Preloading 0 native plugins for Editor in 0.00 ms.
Mono: successfully reloaded assembly
- Completed reload, in  1.114 seconds
Platform modules already initialized, skipping
Refreshing native plugins compatible for Editor in 1.07 ms, found 2 plugins.
Preloading 0 native plugins for Editor in 0.00 ms.
Unloading 3695 Unused Serialized files (Serialized files now loaded: 0)
System memory in use before: 144.8 MB.
System memory in use after: 145.0 MB.

Unloading 18 unused Assets to reduce memory usage. Loaded Objects now: 4346.
Total: 3.557900 ms (FindLiveObjects: 0.302500 ms CreateObjectMapping: 0.222800 ms MarkObjects: 2.856600 ms  DeleteObjects: 0.174900 ms)

========================================================================
Received Import Request.
  Time since last request: 531.067796 seconds.
  path: Assets/Scenes/TestLevel.unity
  artifactKey: Guid(cc875cbe088256a45a38545bf32973d2) Importer(815301076,1909f56bfc062723c751e8b465ee728b)
Start importing Assets/Scenes/TestLevel.unity using Guid(cc875cbe088256a45a38545bf32973d2) Importer(815301076,1909f56bfc062723c751e8b465ee728b)  -> (artifact id: '6f157f78834299a298bba9e0c0035906') in 0.016277 seconds 
========================================================================
Received Prepare
Registering precompiled user dll's ...
Registered in 0.003734 seconds.
Begin MonoManager ReloadAssembly
Symbol file LoadedFromMemory doesn't match image D:\Github\senior-project-spring-2022-greybound-2d-pixel-game\Greybound\Library\PackageCache\com.unity.visualscripting@1.6.1\Editor\VisualScripting.Core\Dependencies\YamlDotNet\Unity.VisualScripting.YamlDotNet.dll
Symbol file LoadedFromMemory doesn't match image D:\Github\senior-project-spring-2022-greybound-2d-pixel-game\Greybound\Library\PackageCache\com.unity.visualscripting@1.6.1\Editor\VisualScripting.Core\Dependencies\DotNetZip\Unity.VisualScripting.IonicZip.dll
Native extension for WindowsStandalone target not found
Refreshing native plugins compatible for Editor in 0.71 ms, found 2 plugins.
Preloading 0 native plugins for Editor in 0.00 ms.
Mono: successfully reloaded assembly
- Completed reload, in  1.045 seconds
Platform modules already initialized, skipping
Refreshing native plugins compatible for Editor in 0.70 ms, found 2 plugins.
Preloading 0 native plugins for Editor in 0.00 ms.
Unloading 3695 Unused Serialized files (Serialized files now loaded: 0)
System memory in use before: 144.9 MB.
System memory in use after: 145.0 MB.

Unloading 18 unused Assets to reduce memory usage. Loaded Objects now: 4350.
Total: 4.421200 ms (FindLiveObjects: 0.539700 ms CreateObjectMapping: 0.230200 ms MarkObjects: 3.522500 ms  DeleteObjects: 0.126900 ms)

========================================================================
Received Import Request.
  Time since last request: 8.762705 seconds.
  path: Assets/Scenes/Saloon.unity
  artifactKey: Guid(8596b92489e5d0940acd5051ac830baa) Importer(815301076,1909f56bfc062723c751e8b465ee728b)
Start importing Assets/Scenes/Saloon.unity using Guid(8596b92489e5d0940acd5051ac830baa) Importer(815301076,1909f56bfc062723c751e8b465ee728b)  -> (artifact id: '28b1a0e20d367939272f0eef6ead1c71') in 0.019692 seconds 
========================================================================
Received Prepare
Registering precompiled user dll's ...
Registered in 0.003785 seconds.
Begin MonoManager ReloadAssembly
Symbol file LoadedFromMemory doesn't match image D:\Github\senior-project-spring-2022-greybound-2d-pixel-game\Greybound\Library\PackageCache\com.unity.visualscripting@1.6.1\Editor\VisualScripting.Core\Dependencies\YamlDotNet\Unity.VisualScripting.YamlDotNet.dll
Symbol file LoadedFromMemory doesn't match image D:\Github\senior-project-spring-2022-greybound-2d-pixel-game\Greybound\Library\PackageCache\com.unity.visualscripting@1.6.1\Editor\VisualScripting.Core\Dependencies\DotNetZip\Unity.VisualScripting.IonicZip.dll
Native extension for WindowsStandalone target not found
Refreshing native plugins compatible for Editor in 0.82 ms, found 2 plugins.
Preloading 0 native plugins for Editor in 0.00 ms.
Mono: successfully reloaded assembly
- Completed reload, in  1.115 seconds
Platform modules already initialized, skipping
Refreshing native plugins compatible for Editor in 1.35 ms, found 2 plugins.
Preloading 0 native plugins for Editor in 0.00 ms.
Unloading 3695 Unused Serialized files (Serialized files now loaded: 0)
System memory in use before: 144.9 MB.
System memory in use after: 145.0 MB.

Unloading 18 unused Assets to reduce memory usage. Loaded Objects now: 4354.
Total: 2.834400 ms (FindLiveObjects: 0.377600 ms CreateObjectMapping: 0.215400 ms MarkObjects: 2.124100 ms  DeleteObjects: 0.115900 ms)

========================================================================
Received Prepare
Registering precompiled user dll's ...
Registered in 0.004464 seconds.
Begin MonoManager ReloadAssembly
Symbol file LoadedFromMemory doesn't match image D:\Github\senior-project-spring-2022-greybound-2d-pixel-game\Greybound\Library\PackageCache\com.unity.visualscripting@1.6.1\Editor\VisualScripting.Core\Dependencies\YamlDotNet\Unity.VisualScripting.YamlDotNet.dll
Symbol file LoadedFromMemory doesn't match image D:\Github\senior-project-spring-2022-greybound-2d-pixel-game\Greybound\Library\PackageCache\com.unity.visualscripting@1.6.1\Editor\VisualScripting.Core\Dependencies\DotNetZip\Unity.VisualScripting.IonicZip.dll
Native extension for WindowsStandalone target not found
Refreshing native plugins compatible for Editor in 0.71 ms, found 2 plugins.
Preloading 0 native plugins for Editor in 0.00 ms.
Mono: successfully reloaded assembly
- Completed reload, in  1.069 seconds
Platform modules already initialized, skipping
Refreshing native plugins compatible for Editor in 0.72 ms, found 2 plugins.
Preloading 0 native plugins for Editor in 0.00 ms.
Unloading 3695 Unused Serialized files (Serialized files now loaded: 0)
System memory in use before: 144.9 MB.
System memory in use after: 145.0 MB.

Unloading 18 unused Assets to reduce memory usage. Loaded Objects now: 4358.
Total: 2.523800 ms (FindLiveObjects: 0.301200 ms CreateObjectMapping: 0.163900 ms MarkObjects: 1.957000 ms  DeleteObjects: 0.100900 ms)

========================================================================
Received Import Request.
  Time since last request: 102.223394 seconds.
  path: Assets/Scenes/Saloon.unity
  artifactKey: Guid(8596b92489e5d0940acd5051ac830baa) Importer(815301076,1909f56bfc062723c751e8b465ee728b)
Start importing Assets/Scenes/Saloon.unity using Guid(8596b92489e5d0940acd5051ac830baa) Importer(815301076,1909f56bfc062723c751e8b465ee728b)  -> (artifact id: '48cfcaa6a70fe143f563a430c5fe4296') in 0.014826 seconds 
========================================================================
Received Prepare
Registering precompiled user dll's ...
Registered in 0.004741 seconds.
Begin MonoManager ReloadAssembly
Symbol file LoadedFromMemory doesn't match image D:\Github\senior-project-spring-2022-greybound-2d-pixel-game\Greybound\Library\PackageCache\com.unity.visualscripting@1.6.1\Editor\VisualScripting.Core\Dependencies\YamlDotNet\Unity.VisualScripting.YamlDotNet.dll
Symbol file LoadedFromMemory doesn't match image D:\Github\senior-project-spring-2022-greybound-2d-pixel-game\Greybound\Library\PackageCache\com.unity.visualscripting@1.6.1\Editor\VisualScripting.Core\Dependencies\DotNetZip\Unity.VisualScripting.IonicZip.dll
Native extension for WindowsStandalone target not found
Refreshing native plugins compatible for Editor in 1.12 ms, found 2 plugins.
Preloading 0 native plugins for Editor in 0.00 ms.
Mono: successfully reloaded assembly
- Completed reload, in  1.075 seconds
Platform modules already initialized, skipping
Refreshing native plugins compatible for Editor in 1.18 ms, found 2 plugins.
Preloading 0 native plugins for Editor in 0.00 ms.
Unloading 3695 Unused Serialized files (Serialized files now loaded: 0)
System memory in use before: 144.9 MB.
System memory in use after: 145.0 MB.

Unloading 18 unused Assets to reduce memory usage. Loaded Objects now: 4362.
Total: 3.039800 ms (FindLiveObjects: 0.312100 ms CreateObjectMapping: 0.185300 ms MarkObjects: 2.396200 ms  DeleteObjects: 0.144400 ms)

========================================================================
Received Prepare
Registering precompiled user dll's ...
Registered in 0.003704 seconds.
Begin MonoManager ReloadAssembly
Symbol file LoadedFromMemory doesn't match image D:\Github\senior-project-spring-2022-greybound-2d-pixel-game\Greybound\Library\PackageCache\com.unity.visualscripting@1.6.1\Editor\VisualScripting.Core\Dependencies\YamlDotNet\Unity.VisualScripting.YamlDotNet.dll
Symbol file LoadedFromMemory doesn't match image D:\Github\senior-project-spring-2022-greybound-2d-pixel-game\Greybound\Library\PackageCache\com.unity.visualscripting@1.6.1\Editor\VisualScripting.Core\Dependencies\DotNetZip\Unity.VisualScripting.IonicZip.dll
Native extension for WindowsStandalone target not found
Refreshing native plugins compatible for Editor in 0.65 ms, found 2 plugins.
Preloading 0 native plugins for Editor in 0.00 ms.
Mono: successfully reloaded assembly
- Completed reload, in  0.941 seconds
Platform modules already initialized, skipping
Refreshing native plugins compatible for Editor in 0.76 ms, found 2 plugins.
Preloading 0 native plugins for Editor in 0.00 ms.
Unloading 3695 Unused Serialized files (Serialized files now loaded: 0)
System memory in use before: 144.9 MB.
System memory in use after: 145.0 MB.

Unloading 18 unused Assets to reduce memory usage. Loaded Objects now: 4366.
Total: 2.847800 ms (FindLiveObjects: 0.293600 ms CreateObjectMapping: 0.148000 ms MarkObjects: 2.293600 ms  DeleteObjects: 0.111500 ms)

========================================================================
Received Prepare
Registering precompiled user dll's ...
Registered in 0.003914 seconds.
Begin MonoManager ReloadAssembly
Symbol file LoadedFromMemory doesn't match image D:\Github\senior-project-spring-2022-greybound-2d-pixel-game\Greybound\Library\PackageCache\com.unity.visualscripting@1.6.1\Editor\VisualScripting.Core\Dependencies\YamlDotNet\Unity.VisualScripting.YamlDotNet.dll
Symbol file LoadedFromMemory doesn't match image D:\Github\senior-project-spring-2022-greybound-2d-pixel-game\Greybound\Library\PackageCache\com.unity.visualscripting@1.6.1\Editor\VisualScripting.Core\Dependencies\DotNetZip\Unity.VisualScripting.IonicZip.dll
Native extension for WindowsStandalone target not found
Refreshing native plugins compatible for Editor in 0.65 ms, found 2 plugins.
Preloading 0 native plugins for Editor in 0.00 ms.
Mono: successfully reloaded assembly
- Completed reload, in  0.920 seconds
Platform modules already initialized, skipping
Refreshing native plugins compatible for Editor in 0.65 ms, found 2 plugins.
Preloading 0 native plugins for Editor in 0.00 ms.
Unloading 3695 Unused Serialized files (Serialized files now loaded: 0)
System memory in use before: 144.9 MB.
System memory in use after: 145.0 MB.

Unloading 18 unused Assets to reduce memory usage. Loaded Objects now: 4370.
Total: 2.627500 ms (FindLiveObjects: 0.282100 ms CreateObjectMapping: 0.124500 ms MarkObjects: 2.096900 ms  DeleteObjects: 0.123300 ms)

AssetImportWorkerClient::OnTransportError - code=2 error=End of file
